  example.cpp
  正在生成代码
  已完成代码的生成
Mesh.obj : warning LNK4049: 已导入本地定义的符号 ___glewGenBuffers
Mesh.obj : warning LNK4049: 已导入本地定义的符号 ___glewDisableVertexAttribArray
Mesh.obj : warning LNK4049: 已导入本地定义的符号 ___glewBufferData
Mesh.obj : warning LNK4049: 已导入本地定义的符号 ___glewBindBuffer
Mesh.obj : warning LNK4049: 已导入本地定义的符号 ___glewVertexAttribPointer
Mesh.obj : warning LNK4049: 已导入本地定义的符号 ___glewEnableVertexAttribArray
Shader.obj : warning LNK4049: 已导入本地定义的符号 ___glewUniform4f
Shader.obj : warning LNK4049: 已导入本地定义的符号 ___glewLinkProgram
Shader.obj : warning LNK4049: 已导入本地定义的符号 ___glewDeleteShader
Shader.obj : warning LNK4049: 已导入本地定义的符号 ___glewUniform3f
Shader.obj : warning LNK4049: 已导入本地定义的符号 ___glewUniformMatrix4fv
Shader.obj : warning LNK4049: 已导入本地定义的符号 ___glewUniform1fv
Shader.obj : warning LNK4049: 已导入本地定义的符号 ___glewShaderSource
Shader.obj : warning LNK4049: 已导入本地定义的符号 ___glewAttachShader
Shader.obj : warning LNK4049: 已导入本地定义的符号 ___glewGetUniformLocation
Shader.obj : warning LNK4049: 已导入本地定义的符号 ___glewUniform1f
Shader.obj : warning LNK4049: 已导入本地定义的符号 ___glewUniform2f
Shader.obj : warning LNK4049: 已导入本地定义的符号 ___glewValidateProgram
Shader.obj : warning LNK4049: 已导入本地定义的符号 ___glewUniform1iv
Shader.obj : warning LNK4049: 已导入本地定义的符号 ___glewGetShaderInfoLog
Shader.obj : warning LNK4049: 已导入本地定义的符号 ___glewUniform1i
Shader.obj : warning LNK4049: 已导入本地定义的符号 ___glewCreateProgram
Shader.obj : warning LNK4049: 已导入本地定义的符号 ___glewCreateShader
Shader.obj : warning LNK4049: 已导入本地定义的符号 ___glewCompileShader
Shader.obj : warning LNK4049: 已导入本地定义的符号 ___glewGetShaderiv
Shader.obj : warning LNK4049: 已导入本地定义的符号 ___glewUseProgram
  ApGraphics.vcxproj -> E:\学习资料\opengl\ApGraphics\bin\ApGraphics\Release\ApGraphics.exe
