e:\学习资料\opengl\apgraphics\objs\apgraphics\debug\vc140.pdb
e:\学习资料\opengl\apgraphics\objs\apgraphics\debug\vc140.idb
e:\学习资料\opengl\apgraphics\objs\apgraphics\debug\vec2.obj
e:\学习资料\opengl\apgraphics\objs\apgraphics\debug\vec3.obj
e:\学习资料\opengl\apgraphics\objs\apgraphics\debug\quaternion.obj
e:\学习资料\opengl\apgraphics\objs\apgraphics\debug\mat4.obj
e:\学习资料\opengl\apgraphics\objs\apgraphics\debug\main.obj
e:\学习资料\opengl\apgraphics\objs\apgraphics\debug\vertex.obj
e:\学习资料\opengl\apgraphics\objs\apgraphics\debug\mesh.obj
e:\学习资料\opengl\apgraphics\objs\apgraphics\debug\buffer.obj
e:\学习资料\opengl\apgraphics\objs\apgraphics\debug\indexbuffer.obj
e:\学习资料\opengl\apgraphics\objs\apgraphics\debug\vertexarray.obj
e:\学习资料\opengl\apgraphics\objs\apgraphics\debug\shader.obj
e:\学习资料\opengl\apgraphics\objs\apgraphics\debug\window.obj
e:\学习资料\opengl\apgraphics\objs\apgraphics\debug\log.obj
e:\学习资料\opengl\apgraphics\objs\apgraphics\debug\vec4.obj
e:\学习资料\opengl\apgraphics\objs\apgraphics\debug\transform.obj
e:\学习资料\opengl\apgraphics\bin\apgraphics\debug\apgraphics.ilk
e:\学习资料\opengl\apgraphics\bin\apgraphics\debug\apgraphics.exe
e:\学习资料\opengl\apgraphics\bin\apgraphics\debug\apgraphics.pdb
e:\学习资料\opengl\apgraphics\objs\apgraphics\debug\apgraphics.tlog\cl.command.1.tlog
e:\学习资料\opengl\apgraphics\objs\apgraphics\debug\apgraphics.tlog\cl.read.1.tlog
e:\学习资料\opengl\apgraphics\objs\apgraphics\debug\apgraphics.tlog\cl.write.1.tlog
e:\学习资料\opengl\apgraphics\objs\apgraphics\debug\apgraphics.tlog\link.command.1.tlog
e:\学习资料\opengl\apgraphics\objs\apgraphics\debug\apgraphics.tlog\link.read.1.tlog
e:\学习资料\opengl\apgraphics\objs\apgraphics\debug\apgraphics.tlog\link.write.1.tlog
